<?xml version="1.0" encoding="UTF-8"?>
<testsuites>
  <testsuite name="Cherchertech_Home_Page" timestamp="2020-07-09T09:43:15" time="1.963" tests="1" failures="0" errors="1" skipped="0">
    <properties>
      <property name="specId" value="0"/>
      <property name="suiteName" value="Cherchertech Home Page"/>
      <property name="capabilities" value="firefox.77_0_1.mac"/>
      <property name="file" value="./test/unit.test.js"/>
    </properties>
    <testcase classname="firefox.77_0_1.mac.Cherchertech_Home_Page" name="Get_title_of_cherchertech_Home_page" time="1.958">
      <error message="unknown error"/>
      <system-err>
        <![CDATA[
no such alert: unknown error
    at Context.<anonymous> (/Users/kfirb/dev/personal/webdriverIO/test/unit.test.js:6:13)
]]>
      </system-err>
    </testcase>
  </testsuite>
</testsuites>